
Database             Time                 Version
-------------------- -------------------- ------------------------------
Start: ORCL          21-SEP-2019 13:30:32

DECLARE
*
ERROR at line 1:
ORA-01403: no data found
ORA-06512: at line 28
ORA-06512: at line 23


Normal lines
Lines

         1    1 13:30:32.780 As Is
         1    2 13:30:32.788 =====
         1    3 13:30:32.788 Team                             Apps
         1    4 13:30:32.788 ------------------------------  -----
         1    5 13:30:32.788 Chelsea                          1147
         1    6 13:30:32.788 Newcastle                        1247
         1    7 13:30:32.788 team_name_2                         1
         1    8 13:30:32.788 team_name_1                         1
         1    9 13:30:32.789 Tottenham                        1288
         1   10 13:30:32.789 Liverpool                        1227
         1   11 13:30:32.789 Sunderland                       1162
         1   12 13:30:32.789 Wigan                            1036
         1   13 13:30:32.789 Man City                         1099
         1   14 13:30:32.789 Southampton                      1110
         1   15 13:30:32.789 Fulham                           1209
         1   16 13:30:32.789 Stoke City                       1170
         1   17 13:30:32.789 Wolves                             31
         1   18 13:30:32.790 West Ham                         1126
         1   19 13:30:32.790 Everton                          1147
         1   20 13:30:32.790 Reading                          1167
         1   21 13:30:32.790 West Brom                        1219
         1   22 13:30:32.790 Blackburn                          33
         1   23 13:30:32.790 Aston Villa                       685
         1   24 13:30:32.790 Swansea                          1180
         1   25 13:30:32.790 Bolton                             37
         1   26 13:30:32.790 Arsenal                           534
         1   27 13:30:32.790 QPR                              1517
         1   28 13:30:32.791 Man Utd                          1231
         1   29 13:30:32.791 Norwich                          1229

29 rows selected.

Errors

   1 ORA-01403: no data found       ORA-06512: at line 23


PL/SQL procedure successfully completed.


Rollback complete.


End: 21-SEP-2019 13:30:32

