
Database             Time                 Version
-------------------- -------------------- ------------------------------
Start: ORCL          19-MAR-2019 06:06:53 Oracle Database 12c 12.2.0.1.0


Table dropped.

Common type creation
====================

Type dropped.


Type dropped.

Create type L2_chr_arr

Type created.

Create type L3_chr_arr

Type created.

Create type L4_chr_arr

Type created.

Table creation
==============
Create table tt_units
tt_units

Table created.


Comment created.

Packages creation
=================
Create package Log_Set

Package created.

No errors.

Package body created.

No errors.
Create package Utils_TT

Package created.

No errors.

Package body created.

No errors.
Create package tt_log_set

Package created.


Package body created.

No errors.
Read in json files

PL/SQL procedure successfully completed.


'END:'||TO_CHAR(SYSDATE,'DD-MON-YY
----------------------------------
End: 19-MAR-2019 06:06:54

