
Database             Time                 Version
-------------------- -------------------- ------------------------------
Start: ORCL          21-JUN-2019 07:17:10

Common types creation
=====================

Table dropped.


Table dropped.


Table dropped.


Type dropped.


Type dropped.


Type created.


Type created.


Type created.


Type created.

Common tables creation
======================
Create table log_configs

Table created.


Index created.


Sequence dropped.


Sequence created.

Create table log_headers

Table created.


Sequence dropped.


Sequence created.

Create table log_lines

Table created.

Packages creation
=================
Create package Log_Config

Package created.

No errors.

Package body created.

No errors.
Create package Log_Set

Package created.

No errors.

Package body created.

No errors.

PL/SQL procedure successfully completed.

Grant access to APP (skip if none passed)

PL/SQL procedure successfully completed.

Granting Timer_Set components to APP..
old   1: GRANT SELECT ON log_configs TO &app
new   1: GRANT SELECT ON log_configs TO APP

Grant succeeded.

old   1: GRANT SELECT ON log_headers TO &app
new   1: GRANT SELECT ON log_headers TO APP

Grant succeeded.

old   1: GRANT SELECT ON log_lines TO &app
new   1: GRANT SELECT ON log_lines TO APP

Grant succeeded.

old   1: GRANT EXECUTE ON Log_Config TO &app
new   1: GRANT EXECUTE ON Log_Config TO APP

Grant succeeded.

old   1: GRANT EXECUTE ON Log_Set TO &app
new   1: GRANT EXECUTE ON Log_Set TO APP

Grant succeeded.


'END:'||TO_CHAR(SYSDATE,'DD-MON-YY
----------------------------------
End: 21-JUN-2019 07:17:11

