
Database             Time                 Version
-------------------- -------------------- ------------------------------
Start: ORCL          18-MAR-2019 19:27:59 Oracle Database 12c 12.2.0.1.0

Common types creation
=====================
DROP TABLE log_lines
           *
ERROR at line 1:
ORA-00942: table or view does not exist


DROP TABLE log_headers
           *
ERROR at line 1:
ORA-00942: table or view does not exist


DROP TABLE log_configs
           *
ERROR at line 1:
ORA-00942: table or view does not exist


Create type L1_chr_arr

Type created.


Synonym created.


Grant succeeded.

Create type L1_num_arr

Type created.


Synonym created.


Grant succeeded.

DROP TYPE ctx_inp_arr
*
ERROR at line 1:
ORA-04043: object CTX_INP_ARR does not exist


DROP TYPE ctx_out_arr
*
ERROR at line 1:
ORA-04043: object CTX_OUT_ARR does not exist



Type created.


Type created.


Type created.


Type created.

Common tables creation
======================
Create table log_configs

Table created.


Index created.


Synonym created.


Grant succeeded.

DROP SEQUENCE log_configs_s
              *
ERROR at line 1:
ORA-02289: sequence does not exist



Sequence created.

Create table log_headers

Table created.


Synonym created.


Grant succeeded.

DROP SEQUENCE log_headers_s
              *
ERROR at line 1:
ORA-02289: sequence does not exist



Sequence created.


Synonym created.


Grant succeeded.

Create table log_lines

Table created.


Synonym created.


Grant succeeded.

Packages creation
=================
Create package Utils

Package created.

No errors.

Package body created.

No errors.

Synonym created.


Grant succeeded.

Create package Log_Config

Package created.

No errors.

Package body created.

No errors.

Synonym created.


Grant succeeded.

Create package Log_Set

Package created.

No errors.

Package body created.

No errors.

Synonym created.


Grant succeeded.


PL/SQL procedure successfully completed.


Commit complete.


'END:'||TO_CHAR(SYSDATE,'DD-MON-YY
----------------------------------
End: 18-MAR-2019 19:27:59

